2025-08-23 04:53:49 INFO  [background-preinit] o.h.validator.internal.util.Version - HV000001: Hibernate Validator 8.0.2.Final
2025-08-23 04:53:49 INFO  [main] c.t.g.GymHealthTechApplication - Starting GymHealthTechApplication using Java 17.0.12 with PID 28284 (D:\final-project\gym-health-tech\target\classes started by thien in D:\final-project\gym-health-tech)
2025-08-23 04:53:49 DEBUG [main] c.t.g.GymHealthTechApplication - Running with Spring Boot v3.5.4, Spring v6.2.9
2025-08-23 04:53:49 INFO  [main] c.t.g.GymHealthTechApplication - The following 1 profile is active: "dev"
2025-08-23 04:53:51 INFO  [main] o.a.coyote.http11.Http11NioProtocol - Initializing ProtocolHandler ["http-nio-8080"]
2025-08-23 04:53:51 INFO  [main] o.a.catalina.core.StandardService - Starting service [Tomcat]
2025-08-23 04:53:51 INFO  [main] o.a.catalina.core.StandardEngine - Starting Servlet engine: [Apache Tomcat/10.1.43]
2025-08-23 04:53:51 INFO  [main] o.a.c.c.C.[Tomcat].[localhost].[/] - Initializing Spring embedded WebApplicationContext
2025-08-23 04:53:52 INFO  [main] com.zaxxer.hikari.HikariDataSource - HikariPool-1 - Starting...
2025-08-23 04:53:52 INFO  [main] com.zaxxer.hikari.pool.HikariPool - HikariPool-1 - Added connection org.postgresql.jdbc.PgConnection@1c0e4262
2025-08-23 04:53:52 INFO  [main] com.zaxxer.hikari.HikariDataSource - HikariPool-1 - Start completed.
2025-08-23 04:53:52 INFO  [main] org.flywaydb.core.FlywayExecutor - Database: jdbc:postgresql://localhost:5432/gymhealthtech (PostgreSQL 16.9)
2025-08-23 04:53:52 INFO  [main] o.f.core.internal.command.DbValidate - Successfully validated 2 migrations (execution time 00:00.079s)
2025-08-23 04:53:52 INFO  [main] o.f.core.internal.command.DbMigrate - Current version of schema "public": 2
2025-08-23 04:53:52 INFO  [main] o.f.core.internal.command.DbMigrate - Schema "public" is up to date. No migration necessary.
2025-08-23 04:53:52 INFO  [main] o.h.jpa.internal.util.LogHelper - HHH000204: Processing PersistenceUnitInfo [name: default]
2025-08-23 04:53:52 INFO  [main] org.hibernate.Version - HHH000412: Hibernate ORM core version 6.6.22.Final
2025-08-23 04:53:52 INFO  [main] o.h.c.i.RegionFactoryInitiator - HHH000026: Second-level cache disabled
2025-08-23 04:53:53 INFO  [main] o.hibernate.orm.connections.pooling - HHH10001005: Database info:
	Database JDBC URL [Connecting through datasource 'HikariDataSource (HikariPool-1)']
	Database driver: undefined/unknown
	Database version: 16.9
	Autocommit mode: undefined/unknown
	Isolation level: undefined/unknown
	Minimum pool size: undefined/unknown
	Maximum pool size: undefined/unknown
2025-08-23 04:53:53 WARN  [main] org.hibernate.mapping.RootClass - HHH000038: Composite-id class does not override equals(): com.thentrees.gymhealthtech.model.UserProfile
2025-08-23 04:53:53 WARN  [main] org.hibernate.mapping.RootClass - HHH000039: Composite-id class does not override hashCode(): com.thentrees.gymhealthtech.model.UserProfile
2025-08-23 04:53:54 INFO  [main] o.h.e.t.j.p.i.JtaPlatformInitiator - HHH000489: No JTA platform available (set 'hibernate.transaction.jta.platform' to enable JTA platform integration)
2025-08-23 04:53:54 WARN  [main] o.s.b.a.o.j.JpaBaseConfiguration$JpaWebConfiguration - spring.jpa.open-in-view is enabled by default. Therefore, database queries may be performed during view rendering. Explicitly configure spring.jpa.open-in-view to disable this warning
2025-08-23 04:53:54 INFO  [main] o.a.coyote.http11.Http11NioProtocol - Starting ProtocolHandler ["http-nio-8080"]
2025-08-23 04:53:54 INFO  [main] c.t.g.GymHealthTechApplication - Started GymHealthTechApplication in 5.792 seconds (process running for 6.465)
2025-08-23 04:53:55 INFO  [RMI TCP Connection(4)-172.23.192.1] o.a.c.c.C.[Tomcat].[localhost].[/] - Initializing Spring DispatcherServlet 'dispatcherServlet'
2025-08-23 04:56:27 INFO  [SpringApplicationShutdownHook] com.zaxxer.hikari.HikariDataSource - HikariPool-1 - Shutdown initiated...
2025-08-23 04:56:27 INFO  [SpringApplicationShutdownHook] com.zaxxer.hikari.HikariDataSource - HikariPool-1 - Shutdown completed.
2025-08-23 04:56:29 INFO  [background-preinit] o.h.validator.internal.util.Version - HV000001: Hibernate Validator 8.0.2.Final
2025-08-23 04:56:29 INFO  [main] c.t.g.GymHealthTechApplication - Starting GymHealthTechApplication using Java 17.0.12 with PID 21776 (D:\final-project\gym-health-tech\target\classes started by thien in D:\final-project\gym-health-tech)
2025-08-23 04:56:29 DEBUG [main] c.t.g.GymHealthTechApplication - Running with Spring Boot v3.5.4, Spring v6.2.9
2025-08-23 04:56:29 INFO  [main] c.t.g.GymHealthTechApplication - The following 1 profile is active: "dev"
2025-08-23 04:56:30 INFO  [main] o.a.coyote.http11.Http11NioProtocol - Initializing ProtocolHandler ["http-nio-8080"]
2025-08-23 04:56:30 INFO  [main] o.a.catalina.core.StandardService - Starting service [Tomcat]
2025-08-23 04:56:30 INFO  [main] o.a.catalina.core.StandardEngine - Starting Servlet engine: [Apache Tomcat/10.1.43]
2025-08-23 04:56:30 INFO  [main] o.a.c.c.C.[Tomcat].[localhost].[/] - Initializing Spring embedded WebApplicationContext
2025-08-23 04:56:30 INFO  [main] com.zaxxer.hikari.HikariDataSource - HikariPool-1 - Starting...
2025-08-23 04:56:30 INFO  [main] com.zaxxer.hikari.pool.HikariPool - HikariPool-1 - Added connection org.postgresql.jdbc.PgConnection@4fea5ee0
2025-08-23 04:56:30 INFO  [main] com.zaxxer.hikari.HikariDataSource - HikariPool-1 - Start completed.
2025-08-23 04:56:30 INFO  [main] org.flywaydb.core.FlywayExecutor - Database: jdbc:postgresql://localhost:5432/gymhealthtech (PostgreSQL 16.9)
2025-08-23 04:56:30 INFO  [main] o.f.core.internal.command.DbValidate - Successfully validated 2 migrations (execution time 00:00.024s)
2025-08-23 04:56:30 INFO  [main] o.f.core.internal.command.DbMigrate - Current version of schema "public": 2
2025-08-23 04:56:30 INFO  [main] o.f.core.internal.command.DbMigrate - Schema "public" is up to date. No migration necessary.
2025-08-23 04:56:31 INFO  [main] o.h.jpa.internal.util.LogHelper - HHH000204: Processing PersistenceUnitInfo [name: default]
2025-08-23 04:56:31 INFO  [main] org.hibernate.Version - HHH000412: Hibernate ORM core version 6.6.22.Final
2025-08-23 04:56:31 INFO  [main] o.h.c.i.RegionFactoryInitiator - HHH000026: Second-level cache disabled
2025-08-23 04:56:31 INFO  [main] o.hibernate.orm.connections.pooling - HHH10001005: Database info:
	Database JDBC URL [Connecting through datasource 'HikariDataSource (HikariPool-1)']
	Database driver: undefined/unknown
	Database version: 16.9
	Autocommit mode: undefined/unknown
	Isolation level: undefined/unknown
	Minimum pool size: undefined/unknown
	Maximum pool size: undefined/unknown
2025-08-23 04:56:31 WARN  [main] org.hibernate.mapping.RootClass - HHH000038: Composite-id class does not override equals(): com.thentrees.gymhealthtech.model.UserProfile
2025-08-23 04:56:31 WARN  [main] org.hibernate.mapping.RootClass - HHH000039: Composite-id class does not override hashCode(): com.thentrees.gymhealthtech.model.UserProfile
2025-08-23 04:56:32 INFO  [main] o.h.e.t.j.p.i.JtaPlatformInitiator - HHH000489: No JTA platform available (set 'hibernate.transaction.jta.platform' to enable JTA platform integration)
2025-08-23 04:56:32 WARN  [main] o.s.b.a.o.j.JpaBaseConfiguration$JpaWebConfiguration - spring.jpa.open-in-view is enabled by default. Therefore, database queries may be performed during view rendering. Explicitly configure spring.jpa.open-in-view to disable this warning
2025-08-23 04:56:32 INFO  [main] o.a.coyote.http11.Http11NioProtocol - Starting ProtocolHandler ["http-nio-8080"]
2025-08-23 04:56:32 INFO  [main] c.t.g.GymHealthTechApplication - Started GymHealthTechApplication in 4.089 seconds (process running for 4.682)
2025-08-23 04:56:33 INFO  [RMI TCP Connection(4)-172.23.192.1] o.a.c.c.C.[Tomcat].[localhost].[/] - Initializing Spring DispatcherServlet 'dispatcherServlet'
2025-08-23 04:57:01 INFO  [SpringApplicationShutdownHook] com.zaxxer.hikari.HikariDataSource - HikariPool-1 - Shutdown initiated...
2025-08-23 04:57:01 INFO  [SpringApplicationShutdownHook] com.zaxxer.hikari.HikariDataSource - HikariPool-1 - Shutdown completed.
2025-08-23 04:57:03 INFO  [background-preinit] o.h.validator.internal.util.Version - HV000001: Hibernate Validator 8.0.2.Final
2025-08-23 04:57:03 INFO  [main] c.t.g.GymHealthTechApplication - Starting GymHealthTechApplication using Java 17.0.12 with PID 17296 (D:\final-project\gym-health-tech\target\classes started by thien in D:\final-project\gym-health-tech)
2025-08-23 04:57:03 DEBUG [main] c.t.g.GymHealthTechApplication - Running with Spring Boot v3.5.4, Spring v6.2.9
2025-08-23 04:57:03 INFO  [main] c.t.g.GymHealthTechApplication - The following 1 profile is active: "dev"
2025-08-23 04:57:05 INFO  [main] o.a.coyote.http11.Http11NioProtocol - Initializing ProtocolHandler ["http-nio-8080"]
2025-08-23 04:57:05 INFO  [main] o.a.catalina.core.StandardService - Starting service [Tomcat]
2025-08-23 04:57:05 INFO  [main] o.a.catalina.core.StandardEngine - Starting Servlet engine: [Apache Tomcat/10.1.43]
2025-08-23 04:57:05 INFO  [main] o.a.c.c.C.[Tomcat].[localhost].[/] - Initializing Spring embedded WebApplicationContext
2025-08-23 04:57:05 INFO  [main] com.zaxxer.hikari.HikariDataSource - HikariPool-1 - Starting...
2025-08-23 04:57:05 INFO  [main] com.zaxxer.hikari.pool.HikariPool - HikariPool-1 - Added connection org.postgresql.jdbc.PgConnection@56872fcb
2025-08-23 04:57:05 INFO  [main] com.zaxxer.hikari.HikariDataSource - HikariPool-1 - Start completed.
2025-08-23 04:57:05 INFO  [main] org.flywaydb.core.FlywayExecutor - Database: jdbc:postgresql://localhost:5432/gymhealthtech (PostgreSQL 16.9)
2025-08-23 04:57:05 INFO  [main] o.f.core.internal.command.DbValidate - Successfully validated 2 migrations (execution time 00:00.023s)
2025-08-23 04:57:05 INFO  [main] o.f.core.internal.command.DbMigrate - Current version of schema "public": 2
2025-08-23 04:57:05 INFO  [main] o.f.core.internal.command.DbMigrate - Schema "public" is up to date. No migration necessary.
2025-08-23 04:57:05 INFO  [main] o.h.jpa.internal.util.LogHelper - HHH000204: Processing PersistenceUnitInfo [name: default]
2025-08-23 04:57:05 INFO  [main] org.hibernate.Version - HHH000412: Hibernate ORM core version 6.6.22.Final
2025-08-23 04:57:05 INFO  [main] o.h.c.i.RegionFactoryInitiator - HHH000026: Second-level cache disabled
2025-08-23 04:57:05 INFO  [main] o.hibernate.orm.connections.pooling - HHH10001005: Database info:
	Database JDBC URL [Connecting through datasource 'HikariDataSource (HikariPool-1)']
	Database driver: undefined/unknown
	Database version: 16.9
	Autocommit mode: undefined/unknown
	Isolation level: undefined/unknown
	Minimum pool size: undefined/unknown
	Maximum pool size: undefined/unknown
2025-08-23 04:57:06 WARN  [main] org.hibernate.mapping.RootClass - HHH000038: Composite-id class does not override equals(): com.thentrees.gymhealthtech.model.UserProfile
2025-08-23 04:57:06 WARN  [main] org.hibernate.mapping.RootClass - HHH000039: Composite-id class does not override hashCode(): com.thentrees.gymhealthtech.model.UserProfile
2025-08-23 04:57:06 INFO  [main] o.h.e.t.j.p.i.JtaPlatformInitiator - HHH000489: No JTA platform available (set 'hibernate.transaction.jta.platform' to enable JTA platform integration)
2025-08-23 04:57:06 WARN  [main] o.s.b.a.o.j.JpaBaseConfiguration$JpaWebConfiguration - spring.jpa.open-in-view is enabled by default. Therefore, database queries may be performed during view rendering. Explicitly configure spring.jpa.open-in-view to disable this warning
2025-08-23 04:57:07 INFO  [main] o.a.coyote.http11.Http11NioProtocol - Starting ProtocolHandler ["http-nio-8080"]
2025-08-23 04:57:07 INFO  [main] c.t.g.GymHealthTechApplication - Started GymHealthTechApplication in 4.052 seconds (process running for 4.589)
2025-08-23 04:57:07 INFO  [RMI TCP Connection(3)-172.23.192.1] o.a.c.c.C.[Tomcat].[localhost].[/] - Initializing Spring DispatcherServlet 'dispatcherServlet'
2025-08-23 05:06:18 INFO  [SpringApplicationShutdownHook] com.zaxxer.hikari.HikariDataSource - HikariPool-1 - Shutdown initiated...
2025-08-23 05:06:18 INFO  [SpringApplicationShutdownHook] com.zaxxer.hikari.HikariDataSource - HikariPool-1 - Shutdown completed.
2025-08-23 05:06:23 INFO  [background-preinit] o.h.validator.internal.util.Version - HV000001: Hibernate Validator 8.0.2.Final
2025-08-23 05:06:23 INFO  [main] c.t.g.GymHealthTechApplication - Starting GymHealthTechApplication using Java 17.0.12 with PID 22912 (D:\final-project\gym-health-tech\target\classes started by thien in D:\final-project\gym-health-tech)
2025-08-23 05:06:23 DEBUG [main] c.t.g.GymHealthTechApplication - Running with Spring Boot v3.5.4, Spring v6.2.9
2025-08-23 05:06:23 INFO  [main] c.t.g.GymHealthTechApplication - The following 1 profile is active: "dev"
2025-08-23 05:06:24 INFO  [main] o.a.coyote.http11.Http11NioProtocol - Initializing ProtocolHandler ["http-nio-8080"]
2025-08-23 05:06:24 INFO  [main] o.a.catalina.core.StandardService - Starting service [Tomcat]
2025-08-23 05:06:24 INFO  [main] o.a.catalina.core.StandardEngine - Starting Servlet engine: [Apache Tomcat/10.1.43]
2025-08-23 05:06:24 INFO  [main] o.a.c.c.C.[Tomcat].[localhost].[/] - Initializing Spring embedded WebApplicationContext
2025-08-23 05:06:24 INFO  [main] com.zaxxer.hikari.HikariDataSource - HikariPool-1 - Starting...
2025-08-23 05:06:24 INFO  [main] com.zaxxer.hikari.pool.HikariPool - HikariPool-1 - Added connection org.postgresql.jdbc.PgConnection@65f5cae3
2025-08-23 05:06:24 INFO  [main] com.zaxxer.hikari.HikariDataSource - HikariPool-1 - Start completed.
2025-08-23 05:06:24 INFO  [main] org.flywaydb.core.FlywayExecutor - Database: jdbc:postgresql://localhost:5432/gymhealthtech (PostgreSQL 16.9)
2025-08-23 05:06:25 INFO  [main] o.f.core.internal.command.DbValidate - Successfully validated 2 migrations (execution time 00:00.022s)
2025-08-23 05:06:25 INFO  [main] o.f.core.internal.command.DbMigrate - Current version of schema "public": 2
2025-08-23 05:06:25 INFO  [main] o.f.core.internal.command.DbMigrate - Schema "public" is up to date. No migration necessary.
2025-08-23 05:06:25 INFO  [main] o.h.jpa.internal.util.LogHelper - HHH000204: Processing PersistenceUnitInfo [name: default]
2025-08-23 05:06:25 INFO  [main] org.hibernate.Version - HHH000412: Hibernate ORM core version 6.6.22.Final
2025-08-23 05:06:25 INFO  [main] o.h.c.i.RegionFactoryInitiator - HHH000026: Second-level cache disabled
2025-08-23 05:06:25 INFO  [main] o.hibernate.orm.connections.pooling - HHH10001005: Database info:
	Database JDBC URL [Connecting through datasource 'HikariDataSource (HikariPool-1)']
	Database driver: undefined/unknown
	Database version: 16.9
	Autocommit mode: undefined/unknown
	Isolation level: undefined/unknown
	Minimum pool size: undefined/unknown
	Maximum pool size: undefined/unknown
2025-08-23 05:06:26 INFO  [main] o.h.e.t.j.p.i.JtaPlatformInitiator - HHH000489: No JTA platform available (set 'hibernate.transaction.jta.platform' to enable JTA platform integration)
2025-08-23 05:06:26 WARN  [main] o.s.b.a.o.j.JpaBaseConfiguration$JpaWebConfiguration - spring.jpa.open-in-view is enabled by default. Therefore, database queries may be performed during view rendering. Explicitly configure spring.jpa.open-in-view to disable this warning
2025-08-23 05:06:26 INFO  [main] o.a.coyote.http11.Http11NioProtocol - Starting ProtocolHandler ["http-nio-8080"]
2025-08-23 05:06:26 INFO  [main] c.t.g.GymHealthTechApplication - Started GymHealthTechApplication in 3.818 seconds (process running for 4.301)
2025-08-23 05:06:27 INFO  [RMI TCP Connection(3)-172.23.192.1] o.a.c.c.C.[Tomcat].[localhost].[/] - Initializing Spring DispatcherServlet 'dispatcherServlet'
2025-08-23 18:23:47 WARN  [HikariPool-1:housekeeper] com.zaxxer.hikari.pool.HikariPool - HikariPool-1 - Thread starvation or clock leap detected (housekeeper delta=12h46m56s907ms529µs600ns).
2025-08-23 19:23:36 WARN  [HikariPool-1:housekeeper] com.zaxxer.hikari.pool.HikariPool - HikariPool-1 - Thread starvation or clock leap detected (housekeeper delta=31m50s857ms197µs700ns).
2025-08-23 20:38:50 WARN  [HikariPool-1:housekeeper] com.zaxxer.hikari.pool.HikariPool - HikariPool-1 - Thread starvation or clock leap detected (housekeeper delta=1h3m13s271ms240µs700ns).
2025-08-23 22:17:55 INFO  [SpringApplicationShutdownHook] com.zaxxer.hikari.HikariDataSource - HikariPool-1 - Shutdown initiated...
2025-08-23 22:17:55 INFO  [SpringApplicationShutdownHook] com.zaxxer.hikari.HikariDataSource - HikariPool-1 - Shutdown completed.
