2025-08-24 17:25:50 INFO  [background-preinit] o.h.validator.internal.util.Version - HV000001: Hibernate Validator 8.0.2.Final
2025-08-24 17:25:50 INFO  [main] c.t.g.GymHealthTechApplication - Starting GymHealthTechApplication using Java 17.0.12 with PID 19876 (D:\final-project\gym-health-tech\target\classes started by thien in D:\final-project\gym-health-tech)
2025-08-24 17:25:50 DEBUG [main] c.t.g.GymHealthTechApplication - Running with Spring Boot v3.5.4, Spring v6.2.9
2025-08-24 17:25:50 INFO  [main] c.t.g.GymHealthTechApplication - The following 1 profile is active: "dev"
2025-08-24 17:25:52 INFO  [main] o.a.coyote.http11.Http11NioProtocol - Initializing ProtocolHandler ["http-nio-8080"]
2025-08-24 17:25:52 INFO  [main] o.a.catalina.core.StandardService - Starting service [Tomcat]
2025-08-24 17:25:52 INFO  [main] o.a.catalina.core.StandardEngine - Starting Servlet engine: [Apache Tomcat/10.1.43]
2025-08-24 17:25:52 INFO  [main] o.a.c.c.C.[Tomcat].[localhost].[/] - Initializing Spring embedded WebApplicationContext
2025-08-24 17:25:52 DEBUG [main] c.t.gymhealthtech.filter.MDCFilter - Filter 'MDCFilter' configured for use
2025-08-24 17:25:52 INFO  [main] com.zaxxer.hikari.HikariDataSource - HikariPool-1 - Starting...
2025-08-24 17:25:52 INFO  [main] com.zaxxer.hikari.pool.HikariPool - HikariPool-1 - Added connection org.postgresql.jdbc.PgConnection@7884f722
2025-08-24 17:25:52 INFO  [main] com.zaxxer.hikari.HikariDataSource - HikariPool-1 - Start completed.
2025-08-24 17:25:52 INFO  [main] org.flywaydb.core.FlywayExecutor - Database: jdbc:postgresql://localhost:5432/gymhealthtech (PostgreSQL 16.9)
2025-08-24 17:25:52 INFO  [main] o.f.core.internal.command.DbValidate - Successfully validated 2 migrations (execution time 00:00.046s)
2025-08-24 17:25:52 INFO  [main] o.f.core.internal.command.DbMigrate - Current version of schema "public": 2
2025-08-24 17:25:52 INFO  [main] o.f.core.internal.command.DbMigrate - Schema "public" is up to date. No migration necessary.
2025-08-24 17:25:52 INFO  [main] o.h.jpa.internal.util.LogHelper - HHH000204: Processing PersistenceUnitInfo [name: default]
2025-08-24 17:25:53 INFO  [main] org.hibernate.Version - HHH000412: Hibernate ORM core version 6.6.22.Final
2025-08-24 17:25:53 INFO  [main] o.h.c.i.RegionFactoryInitiator - HHH000026: Second-level cache disabled
2025-08-24 17:25:53 INFO  [main] o.hibernate.orm.connections.pooling - HHH10001005: Database info:
	Database JDBC URL [Connecting through datasource 'HikariDataSource (HikariPool-1)']
	Database driver: undefined/unknown
	Database version: 16.9
	Autocommit mode: undefined/unknown
	Isolation level: undefined/unknown
	Minimum pool size: undefined/unknown
	Maximum pool size: undefined/unknown
2025-08-24 17:25:54 INFO  [main] o.h.e.t.j.p.i.JtaPlatformInitiator - HHH000489: No JTA platform available (set 'hibernate.transaction.jta.platform' to enable JTA platform integration)
2025-08-24 17:25:54 WARN  [main] o.s.b.a.o.j.JpaBaseConfiguration$JpaWebConfiguration - spring.jpa.open-in-view is enabled by default. Therefore, database queries may be performed during view rendering. Explicitly configure spring.jpa.open-in-view to disable this warning
2025-08-24 17:25:54 WARN  [main] o.s.b.a.s.s.UserDetailsServiceAutoConfiguration - 

Using generated security password: 7dd38e85-a132-4939-aa3c-9952994faeff

This generated password is for development use only. Your security configuration must be updated before running your application in production.

2025-08-24 17:25:55 INFO  [main] o.a.coyote.http11.Http11NioProtocol - Starting ProtocolHandler ["http-nio-8080"]
2025-08-24 17:25:55 INFO  [main] c.t.g.GymHealthTechApplication - Started GymHealthTechApplication in 5.179 seconds (process running for 5.909)
2025-08-24 17:25:55 INFO  [RMI TCP Connection(2)-192.168.109.1] o.a.c.c.C.[Tomcat].[localhost].[/] - Initializing Spring DispatcherServlet 'dispatcherServlet'
2025-08-24 17:26:03 INFO  [SpringApplicationShutdownHook] com.zaxxer.hikari.HikariDataSource - HikariPool-1 - Shutdown initiated...
2025-08-24 17:26:03 INFO  [SpringApplicationShutdownHook] com.zaxxer.hikari.HikariDataSource - HikariPool-1 - Shutdown completed.
